2026-04-26 16:50:25,171 [INFO] [Local -> Gllobal] = 1
2026-04-26 16:50:25,362 [INFO] Starting LSA64...
2026-04-26 16:50:25,363 [INFO] Training using datasets/LSA64_60fps.csv...
2026-04-26 16:51:18,740 [INFO] Save checkpoint for [1] as out-checkpoints/LSA64/checkpoint_v_0.pth
2026-04-26 16:51:18,741 [INFO] [1] TRAIN loss: 4.151841634114583 | Acc: 0.03374578177727784
2026-04-26 16:51:18,741 [INFO] [1] AVG TRAIN time per sample (sec): 0.10485746065775553 
2026-04-26 16:51:18,741 [INFO] [1] VALIDATION  acc: 0.09213483146067415
2026-04-26 16:51:18,741 [INFO] [1] VALIDATION  Top 5 acc: 0.09213483146067415
2026-04-26 16:51:18,741 [INFO] 
2026-04-26 16:52:13,323 [INFO] Save checkpoint for [2] as out-checkpoints/LSA64/checkpoint_v_1.pth
2026-04-26 16:52:13,333 [INFO] [2] TRAIN loss: 3.392208251953125 | Acc: 0.203037120359955
2026-04-26 16:52:13,333 [INFO] [2] AVG TRAIN time per sample (sec): 0.08935541152954102 
2026-04-26 16:52:13,333 [INFO] [2] VALIDATION  acc: 0.5056179775280899
2026-04-26 16:52:13,333 [INFO] [2] VALIDATION  Top 5 acc: 0.5056179775280899
2026-04-26 16:52:13,333 [INFO] 
2026-04-26 16:53:09,791 [INFO] Save checkpoint for [3] as out-checkpoints/LSA64/checkpoint_v_1.pth
2026-04-26 16:53:09,792 [INFO] [3] TRAIN loss: 2.583571370442708 | Acc: 0.5326209223847019
2026-04-26 16:53:09,792 [INFO] [3] AVG TRAIN time per sample (sec): 0.11766985575358073 
2026-04-26 16:53:09,792 [INFO] [3] VALIDATION  acc: 0.7685393258426966
2026-04-26 16:53:09,792 [INFO] [3] VALIDATION  Top 5 acc: 0.7685393258426966
2026-04-26 16:53:09,793 [INFO] 
2026-04-26 16:54:06,603 [INFO] Save checkpoint for [4] as out-checkpoints/LSA64/checkpoint_v_1.pth
2026-04-26 16:54:06,603 [INFO] [4] TRAIN loss: 2.0796392822265624 | Acc: 0.735658042744657
2026-04-26 16:54:06,603 [INFO] [4] AVG TRAIN time per sample (sec): 0.11337251663208008 
2026-04-26 16:54:06,603 [INFO] [4] VALIDATION  acc: 0.8786516853932584
2026-04-26 16:54:06,603 [INFO] [4] VALIDATION  Top 5 acc: 0.8786516853932584
2026-04-26 16:54:06,603 [INFO] 
2026-04-26 16:55:04,253 [INFO] Save checkpoint for [5] as out-checkpoints/LSA64/checkpoint_v_1.pth
2026-04-26 16:55:04,253 [INFO] [5] TRAIN loss: 1.7064299519856772 | Acc: 0.8526434195725534
2026-04-26 16:55:04,253 [INFO] [5] AVG TRAIN time per sample (sec): 0.09163127263387044 
2026-04-26 16:55:04,253 [INFO] [5] VALIDATION  acc: 0.9370786516853933
2026-04-26 16:55:04,254 [INFO] [5] VALIDATION  Top 5 acc: 0.9370786516853933
2026-04-26 16:55:04,254 [INFO] 
2026-04-26 16:56:05,533 [INFO] Save checkpoint for [6] as out-checkpoints/LSA64/checkpoint_v_1.pth
2026-04-26 16:56:05,534 [INFO] [6] TRAIN loss: 1.438753662109375 | Acc: 0.9133858267716536
2026-04-26 16:56:05,534 [INFO] [6] AVG TRAIN time per sample (sec): 0.10619921048482259 
2026-04-26 16:56:05,534 [INFO] [6] VALIDATION  acc: 0.9573033707865168
2026-04-26 16:56:05,534 [INFO] [6] VALIDATION  Top 5 acc: 0.9573033707865168
2026-04-26 16:56:05,534 [INFO] 
2026-04-26 16:57:00,415 [INFO] Save checkpoint for [7] as out-checkpoints/LSA64/checkpoint_v_1.pth
2026-04-26 16:57:00,416 [INFO] [7] TRAIN loss: 1.2500368245442708 | Acc: 0.952193475815523
2026-04-26 16:57:00,416 [INFO] [7] AVG TRAIN time per sample (sec): 0.11710562388102214 
2026-04-26 16:57:00,416 [INFO] [7] VALIDATION  acc: 0.9775280898876404
2026-04-26 16:57:00,416 [INFO] [7] VALIDATION  Top 5 acc: 0.9775280898876404
2026-04-26 16:57:00,416 [INFO] 
2026-04-26 16:57:57,087 [INFO] Save checkpoint for [8] as out-checkpoints/LSA64/checkpoint_v_1.pth
2026-04-26 16:57:57,088 [INFO] [8] TRAIN loss: 1.1148099772135416 | Acc: 0.9662542182227222
2026-04-26 16:57:57,088 [INFO] [8] AVG TRAIN time per sample (sec): 0.12084290504455567 
2026-04-26 16:57:57,088 [INFO] [8] VALIDATION  acc: 0.9842696629213483
2026-04-26 16:57:57,088 [INFO] [8] VALIDATION  Top 5 acc: 0.9842696629213483
2026-04-26 16:57:57,088 [INFO] 
2026-04-26 16:58:50,829 [INFO] [9] TRAIN loss: 1.0226896158854166 | Acc: 0.9769403824521935
2026-04-26 16:58:50,830 [INFO] [9] AVG TRAIN time per sample (sec): 0.11509673754374186 
2026-04-26 16:58:50,830 [INFO] [9] VALIDATION  acc: 0.9797752808988764
2026-04-26 16:58:50,830 [INFO] [9] VALIDATION  Top 5 acc: 0.9842696629213483
2026-04-26 16:58:50,830 [INFO] 
2026-04-26 16:59:45,715 [INFO] Save checkpoint for [10] as out-checkpoints/LSA64/checkpoint_v_1.pth
2026-04-26 16:59:45,716 [INFO] [10] TRAIN loss: 0.9523320515950521 | Acc: 0.9881889763779528
2026-04-26 16:59:45,716 [INFO] [10] AVG TRAIN time per sample (sec): 0.11292766571044922 
2026-04-26 16:59:45,716 [INFO] [10] VALIDATION  acc: 0.9910112359550561
2026-04-26 16:59:45,716 [INFO] [10] VALIDATION  Top 5 acc: 0.9910112359550561
2026-04-26 16:59:45,716 [INFO] 
2026-04-26 17:00:39,031 [INFO] [11] TRAIN loss: 0.9063572184244791 | Acc: 0.9910011248593926
2026-04-26 17:00:39,032 [INFO] [11] AVG TRAIN time per sample (sec): 0.11287330945332845 
2026-04-26 17:00:39,032 [INFO] [11] VALIDATION  acc: 0.9887640449438202
2026-04-26 17:00:39,032 [INFO] [11] VALIDATION  Top 5 acc: 0.9910112359550561
2026-04-26 17:00:39,032 [INFO] 
2026-04-26 17:01:32,114 [INFO] Save checkpoint for [12] as out-checkpoints/LSA64/checkpoint_v_2.pth
2026-04-26 17:01:32,114 [INFO] [12] TRAIN loss: 0.877427978515625 | Acc: 0.9938132733408324
2026-04-26 17:01:32,114 [INFO] [12] AVG TRAIN time per sample (sec): 0.11357296625773113 
2026-04-26 17:01:32,114 [INFO] [12] VALIDATION  acc: 0.9865168539325843
2026-04-26 17:01:32,115 [INFO] [12] VALIDATION  Top 5 acc: 0.9865168539325843
2026-04-26 17:01:32,115 [INFO] 
2026-04-26 17:02:25,494 [INFO] Save checkpoint for [13] as out-checkpoints/LSA64/checkpoint_v_2.pth
2026-04-26 17:02:25,494 [INFO] [13] TRAIN loss: 0.8597605387369792 | Acc: 0.9921259842519685
2026-04-26 17:02:25,494 [INFO] [13] AVG TRAIN time per sample (sec): 0.1142211373647054 
2026-04-26 17:02:25,494 [INFO] [13] VALIDATION  acc: 0.9910112359550561
2026-04-26 17:02:25,495 [INFO] [13] VALIDATION  Top 5 acc: 0.9910112359550561
2026-04-26 17:02:25,495 [INFO] 
2026-04-26 17:03:20,006 [INFO] [14] TRAIN loss: 0.8389499409993489 | Acc: 0.9949381327334084
2026-04-26 17:03:20,006 [INFO] [14] AVG TRAIN time per sample (sec): 0.11312675793965657 
2026-04-26 17:03:20,006 [INFO] [14] VALIDATION  acc: 0.9910112359550561
2026-04-26 17:03:20,006 [INFO] [14] VALIDATION  Top 5 acc: 0.9910112359550561
2026-04-26 17:03:20,006 [INFO] 
2026-04-26 17:04:15,168 [INFO] [15] TRAIN loss: 0.8269888305664063 | Acc: 0.9938132733408324
2026-04-26 17:04:15,169 [INFO] [15] AVG TRAIN time per sample (sec): 0.11658617337544759 
2026-04-26 17:04:15,169 [INFO] [15] VALIDATION  acc: 0.9887640449438202
2026-04-26 17:04:15,169 [INFO] [15] VALIDATION  Top 5 acc: 0.9910112359550561
2026-04-26 17:04:15,169 [INFO] 
2026-04-26 17:05:11,560 [INFO] [16] TRAIN loss: 0.8144209798177083 | Acc: 0.9977502812148481
2026-04-26 17:05:11,560 [INFO] [16] AVG TRAIN time per sample (sec): 0.11847567240397136 
2026-04-26 17:05:11,560 [INFO] [16] VALIDATION  acc: 0.9910112359550561
2026-04-26 17:05:11,560 [INFO] [16] VALIDATION  Top 5 acc: 0.9910112359550561
2026-04-26 17:05:11,561 [INFO] 
2026-04-26 17:06:08,459 [INFO] Save checkpoint for [17] as out-checkpoints/LSA64/checkpoint_v_2.pth
2026-04-26 17:06:08,460 [INFO] [17] TRAIN loss: 0.8109519449869792 | Acc: 0.9960629921259843
2026-04-26 17:06:08,460 [INFO] [17] AVG TRAIN time per sample (sec): 0.11577950477600098 
2026-04-26 17:06:08,460 [INFO] [17] VALIDATION  acc: 0.9932584269662922
2026-04-26 17:06:08,460 [INFO] [17] VALIDATION  Top 5 acc: 0.9932584269662922
2026-04-26 17:06:08,460 [INFO] 
2026-04-26 17:07:04,011 [INFO] [18] TRAIN loss: 0.8026722717285156 | Acc: 0.9983127109111362
2026-04-26 17:07:04,011 [INFO] [18] AVG TRAIN time per sample (sec): 0.11346797625223795 
2026-04-26 17:07:04,011 [INFO] [18] VALIDATION  acc: 0.9887640449438202
2026-04-26 17:07:04,011 [INFO] [18] VALIDATION  Top 5 acc: 0.9932584269662922
2026-04-26 17:07:04,011 [INFO] 
2026-04-26 17:07:57,688 [INFO] [19] TRAIN loss: 0.8126905822753906 | Acc: 0.9971878515185602
2026-04-26 17:07:57,688 [INFO] [19] AVG TRAIN time per sample (sec): 0.11264125188191731 
2026-04-26 17:07:57,689 [INFO] [19] VALIDATION  acc: 0.9932584269662922
2026-04-26 17:07:57,689 [INFO] [19] VALIDATION  Top 5 acc: 0.9932584269662922
2026-04-26 17:07:57,689 [INFO] 
2026-04-26 17:08:53,626 [INFO] Save checkpoint for [20] as out-checkpoints/LSA64/checkpoint_v_2.pth
2026-04-26 17:08:53,627 [INFO] [20] TRAIN loss: 0.7944164021809896 | Acc: 0.999437570303712
2026-04-26 17:08:53,627 [INFO] [20] AVG TRAIN time per sample (sec): 0.11657694180806479 
2026-04-26 17:08:53,627 [INFO] [20] VALIDATION  acc: 0.9955056179775281
2026-04-26 17:08:53,627 [INFO] [20] VALIDATION  Top 5 acc: 0.9955056179775281
2026-04-26 17:08:53,627 [INFO] 
2026-04-26 17:09:50,441 [INFO] [21] TRAIN loss: 0.7920015970865886 | Acc: 0.999437570303712
2026-04-26 17:09:50,441 [INFO] [21] AVG TRAIN time per sample (sec): 0.11220016797383627 
2026-04-26 17:09:50,441 [INFO] [21] VALIDATION  acc: 0.9910112359550561
2026-04-26 17:09:50,442 [INFO] [21] VALIDATION  Top 5 acc: 0.9955056179775281
2026-04-26 17:09:50,442 [INFO] 
2026-04-26 17:10:48,221 [INFO] Save checkpoint for [22] as out-checkpoints/LSA64/checkpoint_v_3.pth
2026-04-26 17:10:48,222 [INFO] [22] TRAIN loss: 0.7876081339518229 | Acc: 0.999437570303712
2026-04-26 17:10:48,222 [INFO] [22] AVG TRAIN time per sample (sec): 0.1169375197092692 
2026-04-26 17:10:48,222 [INFO] [22] VALIDATION  acc: 0.9955056179775281
2026-04-26 17:10:48,222 [INFO] [22] VALIDATION  Top 5 acc: 0.9955056179775281
2026-04-26 17:10:48,222 [INFO] 
2026-04-26 17:11:44,828 [INFO] [23] TRAIN loss: 0.7879266357421875 | Acc: 1.0
2026-04-26 17:11:44,828 [INFO] [23] AVG TRAIN time per sample (sec): 0.11252553939819336 
2026-04-26 17:11:44,828 [INFO] [23] VALIDATION  acc: 0.9910112359550561
2026-04-26 17:11:44,828 [INFO] [23] VALIDATION  Top 5 acc: 0.9955056179775281
2026-04-26 17:11:44,828 [INFO] 
2026-04-26 17:12:43,448 [INFO] [24] TRAIN loss: 0.7882007853190104 | Acc: 0.9988751406074241
2026-04-26 17:12:43,448 [INFO] [24] AVG TRAIN time per sample (sec): 0.0974496078491211 
2026-04-26 17:12:43,448 [INFO] [24] VALIDATION  acc: 0.9932584269662922
2026-04-26 17:12:43,448 [INFO] [24] VALIDATION  Top 5 acc: 0.9955056179775281
2026-04-26 17:12:43,448 [INFO] 
2026-04-26 17:13:39,800 [INFO] [25] TRAIN loss: 0.7831927490234375 | Acc: 1.0
2026-04-26 17:13:39,800 [INFO] [25] AVG TRAIN time per sample (sec): 0.11591312090555826 
2026-04-26 17:13:39,800 [INFO] [25] VALIDATION  acc: 0.9910112359550561
2026-04-26 17:13:39,801 [INFO] [25] VALIDATION  Top 5 acc: 0.9955056179775281
2026-04-26 17:13:39,801 [INFO] 
2026-04-26 17:14:38,879 [INFO] [26] TRAIN loss: 0.7818648783365886 | Acc: 0.999437570303712
2026-04-26 17:14:38,879 [INFO] [26] AVG TRAIN time per sample (sec): 0.124997132619222 
2026-04-26 17:14:38,879 [INFO] [26] VALIDATION  acc: 0.9932584269662922
2026-04-26 17:14:38,879 [INFO] [26] VALIDATION  Top 5 acc: 0.9955056179775281
2026-04-26 17:14:38,879 [INFO] 
2026-04-26 17:15:33,631 [INFO] [27] TRAIN loss: 0.7793817138671875 | Acc: 1.0
2026-04-26 17:15:33,631 [INFO] [27] AVG TRAIN time per sample (sec): 0.11533465067545573 
2026-04-26 17:15:33,631 [INFO] [27] VALIDATION  acc: 0.9955056179775281
2026-04-26 17:15:33,631 [INFO] [27] VALIDATION  Top 5 acc: 0.9955056179775281
2026-04-26 17:15:33,631 [INFO] 
2026-04-26 17:16:31,784 [INFO] [28] TRAIN loss: 0.7777135213216145 | Acc: 1.0
2026-04-26 17:16:31,784 [INFO] [28] AVG TRAIN time per sample (sec): 0.11990236600240071 
2026-04-26 17:16:31,784 [INFO] [28] VALIDATION  acc: 0.9932584269662922
2026-04-26 17:16:31,784 [INFO] [28] VALIDATION  Top 5 acc: 0.9955056179775281
2026-04-26 17:16:31,784 [INFO] 
2026-04-26 17:17:27,566 [INFO] [29] TRAIN loss: 0.7764516194661458 | Acc: 1.0
2026-04-26 17:17:27,567 [INFO] [29] AVG TRAIN time per sample (sec): 0.119156068166097 
2026-04-26 17:17:27,567 [INFO] [29] VALIDATION  acc: 0.9910112359550561
2026-04-26 17:17:27,567 [INFO] [29] VALIDATION  Top 5 acc: 0.9955056179775281
2026-04-26 17:17:27,567 [INFO] 
2026-04-26 17:18:20,532 [INFO] [30] TRAIN loss: 0.7756751505533854 | Acc: 1.0
2026-04-26 17:18:20,532 [INFO] [30] AVG TRAIN time per sample (sec): 0.11492746353149413 
2026-04-26 17:18:20,532 [INFO] [30] VALIDATION  acc: 0.9932584269662922
2026-04-26 17:18:20,532 [INFO] [30] VALIDATION  Top 5 acc: 0.9955056179775281
2026-04-26 17:18:20,532 [INFO] 
2026-04-26 17:19:14,455 [INFO] [31] TRAIN loss: 0.7748760477701823 | Acc: 1.0
2026-04-26 17:19:14,455 [INFO] [31] AVG TRAIN time per sample (sec): 0.11695648511250814 
2026-04-26 17:19:14,455 [INFO] [31] VALIDATION  acc: 0.9910112359550561
2026-04-26 17:19:14,455 [INFO] [31] VALIDATION  Top 5 acc: 0.9955056179775281
2026-04-26 17:19:14,455 [INFO] 
2026-04-26 17:20:08,375 [INFO] Save checkpoint for [32] as out-checkpoints/LSA64/checkpoint_v_4.pth
2026-04-26 17:20:08,375 [INFO] [32] TRAIN loss: 0.7745819091796875 | Acc: 1.0
2026-04-26 17:20:08,377 [INFO] [32] AVG TRAIN time per sample (sec): 0.1164268716176351 
2026-04-26 17:20:08,377 [INFO] [32] VALIDATION  acc: 0.9932584269662922
2026-04-26 17:20:08,377 [INFO] [32] VALIDATION  Top 5 acc: 0.9932584269662922
2026-04-26 17:20:08,377 [INFO] 
2026-04-26 17:21:01,884 [INFO] Save checkpoint for [33] as out-checkpoints/LSA64/checkpoint_v_4.pth
2026-04-26 17:21:01,884 [INFO] [33] TRAIN loss: 0.7735862731933594 | Acc: 1.0
2026-04-26 17:21:01,884 [INFO] [33] AVG TRAIN time per sample (sec): 0.11415911038716633 
2026-04-26 17:21:01,884 [INFO] [33] VALIDATION  acc: 0.9955056179775281
2026-04-26 17:21:01,884 [INFO] [33] VALIDATION  Top 5 acc: 0.9955056179775281
2026-04-26 17:21:01,884 [INFO] 
2026-04-26 17:21:56,283 [INFO] [34] TRAIN loss: 0.772973378499349 | Acc: 1.0
2026-04-26 17:21:56,283 [INFO] [34] AVG TRAIN time per sample (sec): 0.1165230655670166 
2026-04-26 17:21:56,283 [INFO] [34] VALIDATION  acc: 0.9932584269662922
2026-04-26 17:21:56,283 [INFO] [34] VALIDATION  Top 5 acc: 0.9955056179775281
2026-04-26 17:21:56,283 [INFO] 
2026-04-26 17:23:01,270 [INFO] [35] TRAIN loss: 0.7727735392252604 | Acc: 1.0
2026-04-26 17:23:01,270 [INFO] [35] AVG TRAIN time per sample (sec): 0.120605894724528 
2026-04-26 17:23:01,270 [INFO] [35] VALIDATION  acc: 0.9932584269662922
2026-04-26 17:23:01,270 [INFO] [35] VALIDATION  Top 5 acc: 0.9955056179775281
2026-04-26 17:23:01,270 [INFO] 
2026-04-26 17:23:57,707 [INFO] [36] TRAIN loss: 0.7722526550292969 | Acc: 1.0
2026-04-26 17:23:57,707 [INFO] [36] AVG TRAIN time per sample (sec): 0.11508919397989908 
2026-04-26 17:23:57,707 [INFO] [36] VALIDATION  acc: 0.9932584269662922
2026-04-26 17:23:57,707 [INFO] [36] VALIDATION  Top 5 acc: 0.9955056179775281
2026-04-26 17:23:57,707 [INFO] 
2026-04-26 17:24:58,014 [INFO] [37] TRAIN loss: 0.7717884826660156 | Acc: 1.0
2026-04-26 17:24:58,014 [INFO] [37] AVG TRAIN time per sample (sec): 0.1129997158050537 
2026-04-26 17:24:58,014 [INFO] [37] VALIDATION  acc: 0.9932584269662922
2026-04-26 17:24:58,014 [INFO] [37] VALIDATION  Top 5 acc: 0.9955056179775281
2026-04-26 17:24:58,014 [INFO] 
2026-04-26 17:25:52,755 [INFO] [38] TRAIN loss: 0.7708232625325521 | Acc: 1.0
2026-04-26 17:25:52,755 [INFO] [38] AVG TRAIN time per sample (sec): 0.11580148696899414 
2026-04-26 17:25:52,755 [INFO] [38] VALIDATION  acc: 0.9932584269662922
2026-04-26 17:25:52,755 [INFO] [38] VALIDATION  Top 5 acc: 0.9955056179775281
2026-04-26 17:25:52,755 [INFO] 
2026-04-26 17:26:47,829 [INFO] [39] TRAIN loss: 0.769626210530599 | Acc: 1.0
2026-04-26 17:26:47,829 [INFO] [39] AVG TRAIN time per sample (sec): 0.11457298914591471 
2026-04-26 17:26:47,829 [INFO] [39] VALIDATION  acc: 0.9955056179775281
2026-04-26 17:26:47,829 [INFO] [39] VALIDATION  Top 5 acc: 0.9955056179775281
2026-04-26 17:26:47,829 [INFO] 
2026-04-26 17:27:43,530 [INFO] [40] TRAIN loss: 0.7705920918782552 | Acc: 1.0
2026-04-26 17:27:43,530 [INFO] [40] AVG TRAIN time per sample (sec): 0.11517078081766764 
2026-04-26 17:27:43,530 [INFO] [40] VALIDATION  acc: 0.9932584269662922
2026-04-26 17:27:43,530 [INFO] [40] VALIDATION  Top 5 acc: 0.9955056179775281
2026-04-26 17:27:43,530 [INFO] 
2026-04-26 17:28:38,475 [INFO] [41] TRAIN loss: 0.7693534342447916 | Acc: 1.0
2026-04-26 17:28:38,475 [INFO] [41] AVG TRAIN time per sample (sec): 0.11459340413411458 
2026-04-26 17:28:38,475 [INFO] [41] VALIDATION  acc: 0.9955056179775281
2026-04-26 17:28:38,475 [INFO] [41] VALIDATION  Top 5 acc: 0.9955056179775281
2026-04-26 17:28:38,475 [INFO] 
2026-04-26 17:29:33,722 [INFO] Save checkpoint for [42] as out-checkpoints/LSA64/checkpoint_v_5.pth
2026-04-26 17:29:33,722 [INFO] [42] TRAIN loss: 0.7698959350585938 | Acc: 1.0
2026-04-26 17:29:33,722 [INFO] [42] AVG TRAIN time per sample (sec): 0.11437840779622396 
2026-04-26 17:29:33,722 [INFO] [42] VALIDATION  acc: 0.9932584269662922
2026-04-26 17:29:33,722 [INFO] [42] VALIDATION  Top 5 acc: 0.9932584269662922
2026-04-26 17:29:33,722 [INFO] 
2026-04-26 17:30:28,948 [INFO] [43] TRAIN loss: 0.7691522725423177 | Acc: 1.0
2026-04-26 17:30:28,948 [INFO] [43] AVG TRAIN time per sample (sec): 0.1145998477935791 
2026-04-26 17:30:28,948 [INFO] [43] VALIDATION  acc: 0.9932584269662922
2026-04-26 17:30:28,948 [INFO] [43] VALIDATION  Top 5 acc: 0.9932584269662922
2026-04-26 17:30:28,948 [INFO] 
2026-04-26 17:31:23,668 [INFO] Save checkpoint for [44] as out-checkpoints/LSA64/checkpoint_v_5.pth
2026-04-26 17:31:23,668 [INFO] [44] TRAIN loss: 0.7692886352539062 | Acc: 1.0
2026-04-26 17:31:23,668 [INFO] [44] AVG TRAIN time per sample (sec): 0.11540972709655761 
2026-04-26 17:31:23,668 [INFO] [44] VALIDATION  acc: 0.9955056179775281
2026-04-26 17:31:23,668 [INFO] [44] VALIDATION  Top 5 acc: 0.9955056179775281
2026-04-26 17:31:23,668 [INFO] 
2026-04-26 17:32:18,397 [INFO] [45] TRAIN loss: 0.7686373392740885 | Acc: 1.0
2026-04-26 17:32:18,397 [INFO] [45] AVG TRAIN time per sample (sec): 0.11475893338521322 
2026-04-26 17:32:18,397 [INFO] [45] VALIDATION  acc: 0.9932584269662922
2026-04-26 17:32:18,397 [INFO] [45] VALIDATION  Top 5 acc: 0.9955056179775281
2026-04-26 17:32:18,397 [INFO] 
2026-04-26 17:33:14,156 [INFO] [46] TRAIN loss: 0.7700273640950521 | Acc: 1.0
2026-04-26 17:33:14,156 [INFO] [46] AVG TRAIN time per sample (sec): 0.11506129582722982 
2026-04-26 17:33:14,156 [INFO] [46] VALIDATION  acc: 0.9932584269662922
2026-04-26 17:33:14,156 [INFO] [46] VALIDATION  Top 5 acc: 0.9955056179775281
2026-04-26 17:33:14,156 [INFO] 
2026-04-26 17:34:08,670 [INFO] [47] TRAIN loss: 0.7689908854166667 | Acc: 1.0
2026-04-26 17:34:08,670 [INFO] [47] AVG TRAIN time per sample (sec): 0.11583535512288412 
2026-04-26 17:34:08,670 [INFO] [47] VALIDATION  acc: 0.9932584269662922
2026-04-26 17:34:08,670 [INFO] [47] VALIDATION  Top 5 acc: 0.9955056179775281
2026-04-26 17:34:08,670 [INFO] 
2026-04-26 17:35:03,781 [INFO] [48] TRAIN loss: 0.7702935791015625 | Acc: 1.0
2026-04-26 17:35:03,781 [INFO] [48] AVG TRAIN time per sample (sec): 0.11657015482584636 
2026-04-26 17:35:03,781 [INFO] [48] VALIDATION  acc: 0.9932584269662922
2026-04-26 17:35:03,781 [INFO] [48] VALIDATION  Top 5 acc: 0.9955056179775281
2026-04-26 17:35:03,781 [INFO] 
2026-04-26 17:35:58,283 [INFO] [49] TRAIN loss: 0.7693487548828125 | Acc: 1.0
2026-04-26 17:35:58,283 [INFO] [49] AVG TRAIN time per sample (sec): 0.11717483838399251 
2026-04-26 17:35:58,283 [INFO] [49] VALIDATION  acc: 0.9910112359550561
2026-04-26 17:35:58,283 [INFO] [49] VALIDATION  Top 5 acc: 0.9955056179775281
2026-04-26 17:35:58,283 [INFO] 
2026-04-26 17:36:52,967 [INFO] [50] TRAIN loss: 0.7691920471191406 | Acc: 0.999437570303712
2026-04-26 17:36:52,967 [INFO] [50] AVG TRAIN time per sample (sec): 0.11499914805094401 
2026-04-26 17:36:52,967 [INFO] [50] VALIDATION  acc: 0.9932584269662922
2026-04-26 17:36:52,967 [INFO] [50] VALIDATION  Top 5 acc: 0.9955056179775281
2026-04-26 17:36:52,967 [INFO] 
2026-04-26 17:36:52,967 [INFO] 
Testing checkpointed models starting...

2026-04-26 17:37:19,792 [INFO] checkpoint_t_0     ->  Top 1: 0.11949685534591195 | Top 5: 0.36792452830188677
2026-04-26 17:37:46,213 [INFO] checkpoint_v_0     ->  Top 1: 0.11635220125786164 | Top 5: 0.3637316561844864
2026-04-26 17:38:13,029 [INFO] checkpoint_t_1     ->  Top 1: 0.9874213836477987 | Top 5: 0.9989517819706499
2026-04-26 17:38:39,963 [INFO] checkpoint_v_1     ->  Top 1: 0.9811320754716981 | Top 5: 0.9979035639412998
2026-04-26 17:39:06,695 [INFO] checkpoint_t_2     ->  Top 1: 0.9916142557651991 | Top 5: 1.0       
2026-04-26 17:39:33,857 [INFO] checkpoint_v_2     ->  Top 1: 0.9926624737945493 | Top 5: 1.0       
2026-04-26 17:40:00,922 [INFO] checkpoint_t_3     ->  Top 1: 0.9926624737945493 | Top 5: 1.0       
2026-04-26 17:40:28,374 [INFO] checkpoint_v_3     ->  Top 1: 0.9937106918238994 | Top 5: 1.0       
2026-04-26 17:40:55,761 [INFO] checkpoint_t_4     ->  Top 1: 0.9968553459119497 | Top 5: 1.0       
2026-04-26 17:41:23,338 [INFO] checkpoint_v_4     ->  Top 1: 0.9958071278825996 | Top 5: 1.0       
2026-04-26 17:41:23,338 [INFO] 
The top result was recorded at 0.9968553459119497 testing accuracy. The best checkpoint is LSA64/checkpoint_t_4.
2026-04-26 17:41:23,339 [INFO] num_enc_layers: 1
2026-04-26 17:41:23,339 [INFO] num_dec_layers: 1, pat_dec: 1
2026-04-26 17:41:23,339 [INFO] 
Any desired statistics have been plotted.
The experiment is finished.
2026-04-26 17:58:43,858 [INFO] [Local -> Gllobal] = 1
2026-04-26 17:58:44,047 [INFO] Starting LSA64...
2026-04-26 17:58:44,048 [INFO] Training using datasets/LSA64_60fps.csv...
2026-04-26 17:59:43,556 [INFO] Save checkpoint for [1] as out-checkpoints/LSA64/checkpoint_v_0.pth
2026-04-26 17:59:43,557 [INFO] [1] TRAIN loss: 4.120038918887867 | Acc: 0.03887795275590551
2026-04-26 17:59:43,557 [INFO] [1] AVG TRAIN time per sample (sec): 0.11761594940634335 
2026-04-26 17:59:43,557 [INFO] [1] VALIDATION  acc: 0.14538310412573674
2026-04-26 17:59:43,557 [INFO] [1] VALIDATION  Top 5 acc: 0.14538310412573674
2026-04-26 17:59:43,557 [INFO] 
2026-04-26 18:00:46,891 [INFO] Save checkpoint for [2] as out-checkpoints/LSA64/checkpoint_v_1.pth
2026-04-26 18:00:46,891 [INFO] [2] TRAIN loss: 3.1943305520450367 | Acc: 0.296751968503937
2026-04-26 18:00:46,891 [INFO] [2] AVG TRAIN time per sample (sec): 0.11431122667649213 
2026-04-26 18:00:46,891 [INFO] [2] VALIDATION  acc: 0.5579567779960707
2026-04-26 18:00:46,891 [INFO] [2] VALIDATION  Top 5 acc: 0.5579567779960707
2026-04-26 18:00:46,891 [INFO] 
2026-04-26 18:01:51,632 [INFO] Save checkpoint for [3] as out-checkpoints/LSA64/checkpoint_v_1.pth
2026-04-26 18:01:51,632 [INFO] [3] TRAIN loss: 2.364373061236213 | Acc: 0.6171259842519685
2026-04-26 18:01:51,632 [INFO] [3] AVG TRAIN time per sample (sec): 0.11748017703785615 
2026-04-26 18:01:51,632 [INFO] [3] VALIDATION  acc: 0.8290766208251473
2026-04-26 18:01:51,632 [INFO] [3] VALIDATION  Top 5 acc: 0.8290766208251473
2026-04-26 18:01:51,633 [INFO] 
2026-04-26 18:02:53,733 [INFO] Save checkpoint for [4] as out-checkpoints/LSA64/checkpoint_v_1.pth
2026-04-26 18:02:53,733 [INFO] [4] TRAIN loss: 1.8586985868566177 | Acc: 0.8262795275590551
2026-04-26 18:02:53,734 [INFO] [4] AVG TRAIN time per sample (sec): 0.11624333718243768 
2026-04-26 18:02:53,734 [INFO] [4] VALIDATION  acc: 0.8899803536345776
2026-04-26 18:02:53,734 [INFO] [4] VALIDATION  Top 5 acc: 0.8899803536345776
2026-04-26 18:02:53,734 [INFO] 
2026-04-26 18:03:54,009 [INFO] Save checkpoint for [5] as out-checkpoints/LSA64/checkpoint_v_1.pth
2026-04-26 18:03:54,009 [INFO] [5] TRAIN loss: 1.5004490571863511 | Acc: 0.9040354330708661
2026-04-26 18:03:54,009 [INFO] [5] AVG TRAIN time per sample (sec): 0.11426203391131233 
2026-04-26 18:03:54,009 [INFO] [5] VALIDATION  acc: 0.962671905697446
2026-04-26 18:03:54,009 [INFO] [5] VALIDATION  Top 5 acc: 0.962671905697446
2026-04-26 18:03:54,009 [INFO] 
2026-04-26 18:04:53,641 [INFO] Save checkpoint for [6] as out-checkpoints/LSA64/checkpoint_v_1.pth
2026-04-26 18:04:53,641 [INFO] [6] TRAIN loss: 1.2571019789751838 | Acc: 0.9493110236220472
2026-04-26 18:04:53,641 [INFO] [6] AVG TRAIN time per sample (sec): 0.11364206706776339 
2026-04-26 18:04:53,641 [INFO] [6] VALIDATION  acc: 0.9783889980353635
2026-04-26 18:04:53,641 [INFO] [6] VALIDATION  Top 5 acc: 0.9783889980353635
2026-04-26 18:04:53,641 [INFO] 
2026-04-26 18:05:54,242 [INFO] [7] TRAIN loss: 1.0983773624195772 | Acc: 0.968996062992126
2026-04-26 18:05:54,242 [INFO] [7] AVG TRAIN time per sample (sec): 0.11359671985401827 
2026-04-26 18:05:54,242 [INFO] [7] VALIDATION  acc: 0.9744597249508841
2026-04-26 18:05:54,242 [INFO] [7] VALIDATION  Top 5 acc: 0.9783889980353635
2026-04-26 18:05:54,243 [INFO] 
2026-04-26 18:06:54,799 [INFO] Save checkpoint for [8] as out-checkpoints/LSA64/checkpoint_v_1.pth
2026-04-26 18:06:54,801 [INFO] [8] TRAIN loss: 0.9910636453067555 | Acc: 0.9857283464566929
2026-04-26 18:06:54,801 [INFO] [8] AVG TRAIN time per sample (sec): 0.11228938944199506 
2026-04-26 18:06:54,801 [INFO] [8] VALIDATION  acc: 0.9862475442043221
2026-04-26 18:06:54,801 [INFO] [8] VALIDATION  Top 5 acc: 0.9862475442043221
2026-04-26 18:06:54,801 [INFO] 
2026-04-26 18:07:54,751 [INFO] Save checkpoint for [9] as out-checkpoints/LSA64/checkpoint_v_1.pth
2026-04-26 18:07:54,751 [INFO] [9] TRAIN loss: 0.9246834250057445 | Acc: 0.9906496062992126
2026-04-26 18:07:54,751 [INFO] [9] AVG TRAIN time per sample (sec): 0.11273105565239401 
2026-04-26 18:07:54,751 [INFO] [9] VALIDATION  acc: 0.9882121807465619
2026-04-26 18:07:54,751 [INFO] [9] VALIDATION  Top 5 acc: 0.9882121807465619
2026-04-26 18:07:54,751 [INFO] 
2026-04-26 18:08:55,675 [INFO] Save checkpoint for [10] as out-checkpoints/LSA64/checkpoint_v_1.pth
2026-04-26 18:08:55,675 [INFO] [10] TRAIN loss: 0.882525006462546 | Acc: 0.9950787401574803
2026-04-26 18:08:55,675 [INFO] [10] AVG TRAIN time per sample (sec): 0.11160235124475816 
2026-04-26 18:08:55,675 [INFO] [10] VALIDATION  acc: 0.9901768172888016
2026-04-26 18:08:55,675 [INFO] [10] VALIDATION  Top 5 acc: 0.9901768172888016
2026-04-26 18:08:55,675 [INFO] 
2026-04-26 18:09:56,753 [INFO] [11] TRAIN loss: 0.8583892822265625 | Acc: 0.9940944881889764
2026-04-26 18:09:56,753 [INFO] [11] AVG TRAIN time per sample (sec): 0.11140718460083007 
2026-04-26 18:09:56,753 [INFO] [11] VALIDATION  acc: 0.9882121807465619
2026-04-26 18:09:56,755 [INFO] [11] VALIDATION  Top 5 acc: 0.9901768172888016
2026-04-26 18:09:56,755 [INFO] 
2026-04-26 18:10:57,148 [INFO] Save checkpoint for [12] as out-checkpoints/LSA64/checkpoint_v_2.pth
2026-04-26 18:10:57,148 [INFO] [12] TRAIN loss: 0.8379780488855698 | Acc: 0.9955708661417323
2026-04-26 18:10:57,148 [INFO] [12] AVG TRAIN time per sample (sec): 0.11400946168338551 
2026-04-26 18:10:57,148 [INFO] [12] VALIDATION  acc: 0.9901768172888016
2026-04-26 18:10:57,149 [INFO] [12] VALIDATION  Top 5 acc: 0.9901768172888016
2026-04-26 18:10:57,149 [INFO] 
2026-04-26 18:11:57,244 [INFO] [13] TRAIN loss: 0.8242668600643382 | Acc: 0.9965551181102362
2026-04-26 18:11:57,244 [INFO] [13] AVG TRAIN time per sample (sec): 0.11197435154634364 
2026-04-26 18:11:57,244 [INFO] [13] VALIDATION  acc: 0.9882121807465619
2026-04-26 18:11:57,244 [INFO] [13] VALIDATION  Top 5 acc: 0.9901768172888016
2026-04-26 18:11:57,244 [INFO] 
2026-04-26 18:12:57,589 [INFO] [14] TRAIN loss: 0.8090185726390166 | Acc: 0.9985236220472441
2026-04-26 18:12:57,589 [INFO] [14] AVG TRAIN time per sample (sec): 0.11326985639684341 
2026-04-26 18:12:57,589 [INFO] [14] VALIDATION  acc: 0.9882121807465619
2026-04-26 18:12:57,589 [INFO] [14] VALIDATION  Top 5 acc: 0.9901768172888016
2026-04-26 18:12:57,589 [INFO] 
2026-04-26 18:13:57,304 [INFO] [15] TRAIN loss: 0.8043571023380055 | Acc: 0.9985236220472441
2026-04-26 18:13:57,304 [INFO] [15] AVG TRAIN time per sample (sec): 0.11256831674014821 
2026-04-26 18:13:57,304 [INFO] [15] VALIDATION  acc: 0.9901768172888016
2026-04-26 18:13:57,304 [INFO] [15] VALIDATION  Top 5 acc: 0.9901768172888016
2026-04-26 18:13:57,304 [INFO] 
2026-04-26 18:14:56,913 [INFO] Save checkpoint for [16] as out-checkpoints/LSA64/checkpoint_v_2.pth
2026-04-26 18:14:56,914 [INFO] [16] TRAIN loss: 0.7965202780330882 | Acc: 1.0
2026-04-26 18:14:56,914 [INFO] [16] AVG TRAIN time per sample (sec): 0.11480734208050897 
2026-04-26 18:14:56,914 [INFO] [16] VALIDATION  acc: 0.9960707269155207
2026-04-26 18:14:56,914 [INFO] [16] VALIDATION  Top 5 acc: 0.9960707269155207
2026-04-26 18:14:56,914 [INFO] 
2026-04-26 18:15:57,673 [INFO] [17] TRAIN loss: 0.793907075769761 | Acc: 0.9990157480314961
2026-04-26 18:15:57,673 [INFO] [17] AVG TRAIN time per sample (sec): 0.11493250061483944 
2026-04-26 18:15:57,673 [INFO] [17] VALIDATION  acc: 0.9941060903732809
2026-04-26 18:15:57,673 [INFO] [17] VALIDATION  Top 5 acc: 0.9960707269155207
2026-04-26 18:15:57,674 [INFO] 
2026-04-26 18:16:58,041 [INFO] [18] TRAIN loss: 0.7899804507984834 | Acc: 1.0
2026-04-26 18:16:58,041 [INFO] [18] AVG TRAIN time per sample (sec): 0.11502493690041934 
2026-04-26 18:16:58,041 [INFO] [18] VALIDATION  acc: 0.9921414538310412
2026-04-26 18:16:58,042 [INFO] [18] VALIDATION  Top 5 acc: 0.9960707269155207
2026-04-26 18:16:58,042 [INFO] 
2026-04-26 18:17:57,615 [INFO] [19] TRAIN loss: 0.7894233254825368 | Acc: 0.9990157480314961
2026-04-26 18:17:57,616 [INFO] [19] AVG TRAIN time per sample (sec): 0.11378718824947581 
2026-04-26 18:17:57,616 [INFO] [19] VALIDATION  acc: 0.9960707269155207
2026-04-26 18:17:57,616 [INFO] [19] VALIDATION  Top 5 acc: 0.9960707269155207
2026-04-26 18:17:57,616 [INFO] 
2026-04-26 18:18:57,379 [INFO] Save checkpoint for [20] as out-checkpoints/LSA64/checkpoint_v_2.pth
2026-04-26 18:18:57,379 [INFO] [20] TRAIN loss: 0.785919189453125 | Acc: 1.0
2026-04-26 18:18:57,379 [INFO] [20] AVG TRAIN time per sample (sec): 0.11247236307929544 
2026-04-26 18:18:57,379 [INFO] [20] VALIDATION  acc: 0.9980353634577603
2026-04-26 18:18:57,379 [INFO] [20] VALIDATION  Top 5 acc: 0.9980353634577603
2026-04-26 18:18:57,379 [INFO] 
2026-04-26 18:19:57,489 [INFO] [21] TRAIN loss: 0.7830425486845128 | Acc: 0.999507874015748
2026-04-26 18:19:57,489 [INFO] [21] AVG TRAIN time per sample (sec): 0.11364927011377671 
2026-04-26 18:19:57,489 [INFO] [21] VALIDATION  acc: 0.9941060903732809
2026-04-26 18:19:57,489 [INFO] [21] VALIDATION  Top 5 acc: 0.9980353634577603
2026-04-26 18:19:57,489 [INFO] 
2026-04-26 18:20:57,543 [INFO] Save checkpoint for [22] as out-checkpoints/LSA64/checkpoint_v_3.pth
2026-04-26 18:20:57,543 [INFO] [22] TRAIN loss: 0.7792877197265625 | Acc: 1.0
2026-04-26 18:20:57,544 [INFO] [22] AVG TRAIN time per sample (sec): 0.11196821717654958 
2026-04-26 18:20:57,544 [INFO] [22] VALIDATION  acc: 0.9941060903732809
2026-04-26 18:20:57,544 [INFO] [22] VALIDATION  Top 5 acc: 0.9941060903732809
2026-04-26 18:20:57,544 [INFO] 
2026-04-26 18:21:58,036 [INFO] Save checkpoint for [23] as out-checkpoints/LSA64/checkpoint_v_3.pth
2026-04-26 18:21:58,036 [INFO] [23] TRAIN loss: 0.777373639275046 | Acc: 1.0
2026-04-26 18:21:58,036 [INFO] [23] AVG TRAIN time per sample (sec): 0.11386579625746783 
2026-04-26 18:21:58,036 [INFO] [23] VALIDATION  acc: 0.9980353634577603
2026-04-26 18:21:58,036 [INFO] [23] VALIDATION  Top 5 acc: 0.9980353634577603
2026-04-26 18:21:58,036 [INFO] 
2026-04-26 18:22:57,806 [INFO] [24] TRAIN loss: 0.7764643949620864 | Acc: 1.0
2026-04-26 18:22:57,806 [INFO] [24] AVG TRAIN time per sample (sec): 0.11365353079403148 
2026-04-26 18:22:57,806 [INFO] [24] VALIDATION  acc: 0.9941060903732809
2026-04-26 18:22:57,807 [INFO] [24] VALIDATION  Top 5 acc: 0.9980353634577603
2026-04-26 18:22:57,807 [INFO] 
2026-04-26 18:23:58,380 [INFO] [25] TRAIN loss: 0.7767183191636029 | Acc: 1.0
2026-04-26 18:23:58,380 [INFO] [25] AVG TRAIN time per sample (sec): 0.11432265113381779 
2026-04-26 18:23:58,380 [INFO] [25] VALIDATION  acc: 0.9960707269155207
2026-04-26 18:23:58,380 [INFO] [25] VALIDATION  Top 5 acc: 0.9980353634577603
2026-04-26 18:23:58,380 [INFO] 
2026-04-26 18:24:59,042 [INFO] [26] TRAIN loss: 0.7740575453814338 | Acc: 1.0
2026-04-26 18:24:59,042 [INFO] [26] AVG TRAIN time per sample (sec): 0.11317483958076029 
2026-04-26 18:24:59,042 [INFO] [26] VALIDATION  acc: 0.9960707269155207
2026-04-26 18:24:59,042 [INFO] [26] VALIDATION  Top 5 acc: 0.9980353634577603
2026-04-26 18:24:59,042 [INFO] 
2026-04-26 18:25:59,488 [INFO] [27] TRAIN loss: 0.7727399938246783 | Acc: 1.0
2026-04-26 18:25:59,488 [INFO] [27] AVG TRAIN time per sample (sec): 0.11491441165699678 
2026-04-26 18:25:59,488 [INFO] [27] VALIDATION  acc: 0.9980353634577603
2026-04-26 18:25:59,488 [INFO] [27] VALIDATION  Top 5 acc: 0.9980353634577603
2026-04-26 18:25:59,488 [INFO] 
2026-04-26 18:26:59,901 [INFO] [28] TRAIN loss: 0.7706367043887867 | Acc: 1.0
2026-04-26 18:26:59,901 [INFO] [28] AVG TRAIN time per sample (sec): 0.1140306500827565 
2026-04-26 18:26:59,901 [INFO] [28] VALIDATION  acc: 0.9941060903732809
2026-04-26 18:26:59,901 [INFO] [28] VALIDATION  Top 5 acc: 0.9980353634577603
2026-04-26 18:26:59,901 [INFO] 
2026-04-26 18:27:59,885 [INFO] [29] TRAIN loss: 0.7701102761661305 | Acc: 1.0
2026-04-26 18:27:59,885 [INFO] [29] AVG TRAIN time per sample (sec): 0.1129917116726146 
2026-04-26 18:27:59,885 [INFO] [29] VALIDATION  acc: 0.9960707269155207
2026-04-26 18:27:59,885 [INFO] [29] VALIDATION  Top 5 acc: 0.9980353634577603
2026-04-26 18:27:59,885 [INFO] 
2026-04-26 18:29:00,191 [INFO] [30] TRAIN loss: 0.7694616878733915 | Acc: 1.0
2026-04-26 18:29:00,191 [INFO] [30] AVG TRAIN time per sample (sec): 0.11352838347939884 
2026-04-26 18:29:00,191 [INFO] [30] VALIDATION  acc: 0.9980353634577603
2026-04-26 18:29:00,191 [INFO] [30] VALIDATION  Top 5 acc: 0.9980353634577603
2026-04-26 18:29:00,191 [INFO] 
2026-04-26 18:30:00,339 [INFO] [31] TRAIN loss: 0.7691721299115349 | Acc: 1.0
2026-04-26 18:30:00,339 [INFO] [31] AVG TRAIN time per sample (sec): 0.11313649906831628 
2026-04-26 18:30:00,339 [INFO] [31] VALIDATION  acc: 0.9941060903732809
2026-04-26 18:30:00,339 [INFO] [31] VALIDATION  Top 5 acc: 0.9980353634577603
2026-04-26 18:30:00,339 [INFO] 
2026-04-26 18:31:01,478 [INFO] Save checkpoint for [32] as out-checkpoints/LSA64/checkpoint_v_4.pth
2026-04-26 18:31:01,478 [INFO] [32] TRAIN loss: 0.7669631958007812 | Acc: 1.0
2026-04-26 18:31:01,478 [INFO] [32] AVG TRAIN time per sample (sec): 0.11212304339689368 
2026-04-26 18:31:01,478 [INFO] [32] VALIDATION  acc: 0.9941060903732809
2026-04-26 18:31:01,478 [INFO] [32] VALIDATION  Top 5 acc: 0.9941060903732809
2026-04-26 18:31:01,478 [INFO] 
2026-04-26 18:32:01,887 [INFO] Save checkpoint for [33] as out-checkpoints/LSA64/checkpoint_v_4.pth
2026-04-26 18:32:01,897 [INFO] [33] TRAIN loss: 0.7674281400792738 | Acc: 0.9990157480314961
2026-04-26 18:32:01,897 [INFO] [33] AVG TRAIN time per sample (sec): 0.11341837434207692 
2026-04-26 18:32:01,897 [INFO] [33] VALIDATION  acc: 0.9960707269155207
2026-04-26 18:32:01,897 [INFO] [33] VALIDATION  Top 5 acc: 0.9960707269155207
2026-04-26 18:32:01,898 [INFO] 
2026-04-26 18:33:01,323 [INFO] [34] TRAIN loss: 0.7662919885971967 | Acc: 1.0
2026-04-26 18:33:01,323 [INFO] [34] AVG TRAIN time per sample (sec): 0.11272323552299948 
2026-04-26 18:33:01,323 [INFO] [34] VALIDATION  acc: 0.9960707269155207
2026-04-26 18:33:01,323 [INFO] [34] VALIDATION  Top 5 acc: 0.9960707269155207
2026-04-26 18:33:01,323 [INFO] 
2026-04-26 18:34:01,937 [INFO] [35] TRAIN loss: 0.7660295374253216 | Acc: 1.0
2026-04-26 18:34:01,937 [INFO] [35] AVG TRAIN time per sample (sec): 0.11304452559527228 
2026-04-26 18:34:01,937 [INFO] [35] VALIDATION  acc: 0.9960707269155207
2026-04-26 18:34:01,937 [INFO] [35] VALIDATION  Top 5 acc: 0.9960707269155207
2026-04-26 18:34:01,937 [INFO] 
2026-04-26 18:35:03,368 [INFO] [36] TRAIN loss: 0.765276112275965 | Acc: 1.0
2026-04-26 18:35:03,368 [INFO] [36] AVG TRAIN time per sample (sec): 0.11464498744291418 
2026-04-26 18:35:03,368 [INFO] [36] VALIDATION  acc: 0.9960707269155207
2026-04-26 18:35:03,368 [INFO] [36] VALIDATION  Top 5 acc: 0.9960707269155207
2026-04-26 18:35:03,368 [INFO] 
2026-04-26 18:36:04,553 [INFO] [37] TRAIN loss: 0.7643546609317555 | Acc: 1.0
2026-04-26 18:36:04,554 [INFO] [37] AVG TRAIN time per sample (sec): 0.1139987216276281 
2026-04-26 18:36:04,554 [INFO] [37] VALIDATION  acc: 0.9960707269155207
2026-04-26 18:36:04,554 [INFO] [37] VALIDATION  Top 5 acc: 0.9960707269155207
2026-04-26 18:36:04,554 [INFO] 
2026-04-26 18:37:04,830 [INFO] Save checkpoint for [38] as out-checkpoints/LSA64/checkpoint_v_4.pth
2026-04-26 18:37:04,830 [INFO] [38] TRAIN loss: 0.7636053646312041 | Acc: 1.0
2026-04-26 18:37:04,830 [INFO] [38] AVG TRAIN time per sample (sec): 0.11385088527903837 
2026-04-26 18:37:04,831 [INFO] [38] VALIDATION  acc: 0.9980353634577603
2026-04-26 18:37:04,831 [INFO] [38] VALIDATION  Top 5 acc: 0.9980353634577603
2026-04-26 18:37:04,831 [INFO] 
2026-04-26 18:38:05,214 [INFO] [39] TRAIN loss: 0.7640010160558364 | Acc: 1.0
2026-04-26 18:38:05,214 [INFO] [39] AVG TRAIN time per sample (sec): 0.11361946498646455 
2026-04-26 18:38:05,214 [INFO] [39] VALIDATION  acc: 0.9960707269155207
2026-04-26 18:38:05,214 [INFO] [39] VALIDATION  Top 5 acc: 0.9980353634577603
2026-04-26 18:38:05,214 [INFO] 
2026-04-26 18:39:05,006 [INFO] [40] TRAIN loss: 0.7634202844956341 | Acc: 1.0
2026-04-26 18:39:05,006 [INFO] [40] AVG TRAIN time per sample (sec): 0.11405287910910214 
2026-04-26 18:39:05,007 [INFO] [40] VALIDATION  acc: 0.9960707269155207
2026-04-26 18:39:05,007 [INFO] [40] VALIDATION  Top 5 acc: 0.9980353634577603
2026-04-26 18:39:05,007 [INFO] 
2026-04-26 18:40:06,049 [INFO] [41] TRAIN loss: 0.7632531558766085 | Acc: 1.0
2026-04-26 18:40:06,049 [INFO] [41] AVG TRAIN time per sample (sec): 0.1148624392116771 
2026-04-26 18:40:06,049 [INFO] [41] VALIDATION  acc: 0.9941060903732809
2026-04-26 18:40:06,050 [INFO] [41] VALIDATION  Top 5 acc: 0.9980353634577603
2026-04-26 18:40:06,050 [INFO] 
2026-04-26 18:41:06,528 [INFO] Save checkpoint for [42] as out-checkpoints/LSA64/checkpoint_v_5.pth
2026-04-26 18:41:06,528 [INFO] [42] TRAIN loss: 0.7634938857134651 | Acc: 1.0
2026-04-26 18:41:06,528 [INFO] [42] AVG TRAIN time per sample (sec): 0.11236928491031423 
2026-04-26 18:41:06,529 [INFO] [42] VALIDATION  acc: 0.9941060903732809
2026-04-26 18:41:06,529 [INFO] [42] VALIDATION  Top 5 acc: 0.9941060903732809
2026-04-26 18:41:06,529 [INFO] 
2026-04-26 18:42:07,124 [INFO] Save checkpoint for [43] as out-checkpoints/LSA64/checkpoint_v_5.pth
2026-04-26 18:42:07,124 [INFO] [43] TRAIN loss: 0.7630356732536765 | Acc: 1.0
2026-04-26 18:42:07,124 [INFO] [43] AVG TRAIN time per sample (sec): 0.1125228629392736 
2026-04-26 18:42:07,124 [INFO] [43] VALIDATION  acc: 0.9980353634577603
2026-04-26 18:42:07,124 [INFO] [43] VALIDATION  Top 5 acc: 0.9980353634577603
2026-04-26 18:42:07,125 [INFO] 
2026-04-26 18:43:07,575 [INFO] [44] TRAIN loss: 0.7621440214269302 | Acc: 1.0
2026-04-26 18:43:07,575 [INFO] [44] AVG TRAIN time per sample (sec): 0.11216163074269014 
2026-04-26 18:43:07,575 [INFO] [44] VALIDATION  acc: 0.9980353634577603
2026-04-26 18:43:07,575 [INFO] [44] VALIDATION  Top 5 acc: 0.9980353634577603
2026-04-26 18:43:07,575 [INFO] 
2026-04-26 18:44:08,070 [INFO] [45] TRAIN loss: 0.7626245835248162 | Acc: 1.0
2026-04-26 18:44:08,070 [INFO] [45] AVG TRAIN time per sample (sec): 0.11212364084580366 
2026-04-26 18:44:08,070 [INFO] [45] VALIDATION  acc: 0.9980353634577603
2026-04-26 18:44:08,070 [INFO] [45] VALIDATION  Top 5 acc: 0.9980353634577603
2026-04-26 18:44:08,070 [INFO] 
2026-04-26 18:45:08,555 [INFO] [46] TRAIN loss: 0.7622207641601563 | Acc: 1.0
2026-04-26 18:45:08,556 [INFO] [46] AVG TRAIN time per sample (sec): 0.11317272466771743 
2026-04-26 18:45:08,556 [INFO] [46] VALIDATION  acc: 0.9960707269155207
2026-04-26 18:45:08,556 [INFO] [46] VALIDATION  Top 5 acc: 0.9980353634577603
2026-04-26 18:45:08,556 [INFO] 
2026-04-26 18:46:09,326 [INFO] [47] TRAIN loss: 0.7623343075022978 | Acc: 1.0
2026-04-26 18:46:09,327 [INFO] [47] AVG TRAIN time per sample (sec): 0.11413336641648236 
2026-04-26 18:46:09,327 [INFO] [47] VALIDATION  acc: 0.9941060903732809
2026-04-26 18:46:09,327 [INFO] [47] VALIDATION  Top 5 acc: 0.9980353634577603
2026-04-26 18:46:09,327 [INFO] 
2026-04-26 18:47:09,585 [INFO] [48] TRAIN loss: 0.7624216416302849 | Acc: 1.0
2026-04-26 18:47:09,586 [INFO] [48] AVG TRAIN time per sample (sec): 0.11489388802472283 
2026-04-26 18:47:09,586 [INFO] [48] VALIDATION  acc: 0.9980353634577603
2026-04-26 18:47:09,586 [INFO] [48] VALIDATION  Top 5 acc: 0.9980353634577603
2026-04-26 18:47:09,586 [INFO] 
2026-04-26 18:48:10,165 [INFO] [49] TRAIN loss: 0.7632694917566636 | Acc: 0.999507874015748
2026-04-26 18:48:10,165 [INFO] [49] AVG TRAIN time per sample (sec): 0.11290963958291446 
2026-04-26 18:48:10,165 [INFO] [49] VALIDATION  acc: 0.9960707269155207
2026-04-26 18:48:10,166 [INFO] [49] VALIDATION  Top 5 acc: 0.9980353634577603
2026-04-26 18:48:10,166 [INFO] 
2026-04-26 18:49:10,225 [INFO] [50] TRAIN loss: 0.7622325224034926 | Acc: 1.0
2026-04-26 18:49:10,225 [INFO] [50] AVG TRAIN time per sample (sec): 0.11255615458768957 
2026-04-26 18:49:10,226 [INFO] [50] VALIDATION  acc: 0.9980353634577603
2026-04-26 18:49:10,226 [INFO] [50] VALIDATION  Top 5 acc: 0.9980353634577603
2026-04-26 18:49:10,226 [INFO] 
2026-04-26 18:49:10,226 [INFO] 
Testing checkpointed models starting...

2026-04-26 18:49:30,718 [INFO] checkpoint_t_0     ->  Top 1: 0.1320754716981132 | Top 5: 0.44025157232704404
2026-04-26 18:49:51,949 [INFO] checkpoint_v_0     ->  Top 1: 0.13679245283018868 | Top 5: 0.44025157232704404
2026-04-26 18:50:12,509 [INFO] checkpoint_t_1     ->  Top 1: 0.9874213836477987 | Top 5: 0.9984276729559748
2026-04-26 18:50:32,769 [INFO] checkpoint_v_1     ->  Top 1: 0.9874213836477987 | Top 5: 0.9984276729559748
2026-04-26 18:50:53,574 [INFO] checkpoint_t_2     ->  Top 1: 0.9952830188679245 | Top 5: 1.0       
2026-04-26 18:51:14,264 [INFO] checkpoint_v_2     ->  Top 1: 0.9937106918238994 | Top 5: 1.0       
2026-04-26 18:51:34,720 [INFO] checkpoint_t_3     ->  Top 1: 1.0        | Top 5: 1.0       
2026-04-26 18:51:55,068 [INFO] checkpoint_v_3     ->  Top 1: 0.9968553459119497 | Top 5: 1.0       
2026-04-26 18:52:15,843 [INFO] checkpoint_t_4     ->  Top 1: 0.9968553459119497 | Top 5: 1.0       
2026-04-26 18:52:36,304 [INFO] checkpoint_v_4     ->  Top 1: 0.9968553459119497 | Top 5: 1.0       
2026-04-26 18:52:36,305 [INFO] 
The top result was recorded at 1.0 testing accuracy. The best checkpoint is LSA64/checkpoint_t_3.
2026-04-26 18:52:36,305 [INFO] num_enc_layers: 1
2026-04-26 18:52:36,305 [INFO] num_dec_layers: 1, pat_dec: 1
2026-04-26 18:52:36,305 [INFO] 
Any desired statistics have been plotted.
The experiment is finished.2026-04-27 09:36:33,893 [INFO] [Local -> Gllobal] = 1
2026-04-27 09:36:34,072 [INFO] Starting LSA64...
2026-04-27 09:36:34,073 [INFO] Training using datasets/LSA64_60fps.csv...
2026-04-27 09:37:33,225 [INFO] Save checkpoint for [1] as out-checkpoints/LSA64/checkpoint_v_0.pth
2026-04-27 09:37:33,225 [INFO] [1] TRAIN loss: 4.120038918887867 | Acc: 0.03887795275590551
2026-04-27 09:37:33,225 [INFO] [1] AVG TRAIN time per sample (sec): 0.1230499828563017 
2026-04-27 09:37:33,225 [INFO] [1] VALIDATION  acc: 0.14538310412573674
2026-04-27 09:37:33,225 [INFO] [1] VALIDATION  Top 5 acc: 0.14538310412573674
2026-04-27 09:37:33,225 [INFO] 
2026-04-27 09:38:31,614 [INFO] Save checkpoint for [2] as out-checkpoints/LSA64/checkpoint_v_1.pth
2026-04-27 09:38:31,614 [INFO] [2] TRAIN loss: 3.1943305520450367 | Acc: 0.296751968503937
2026-04-27 09:38:31,614 [INFO] [2] AVG TRAIN time per sample (sec): 0.11168155670166016 
2026-04-27 09:38:31,614 [INFO] [2] VALIDATION  acc: 0.5579567779960707
2026-04-27 09:38:31,614 [INFO] [2] VALIDATION  Top 5 acc: 0.5579567779960707
2026-04-27 09:38:31,614 [INFO] 
2026-04-27 09:39:31,903 [INFO] Save checkpoint for [3] as out-checkpoints/LSA64/checkpoint_v_1.pth
2026-04-27 09:39:31,903 [INFO] [3] TRAIN loss: 2.364373061236213 | Acc: 0.6171259842519685
2026-04-27 09:39:31,903 [INFO] [3] AVG TRAIN time per sample (sec): 0.1127015001633588 
2026-04-27 09:39:31,904 [INFO] [3] VALIDATION  acc: 0.8290766208251473
2026-04-27 09:39:31,904 [INFO] [3] VALIDATION  Top 5 acc: 0.8290766208251473
2026-04-27 09:39:31,904 [INFO] 
2026-04-27 09:40:30,812 [INFO] Save checkpoint for [4] as out-checkpoints/LSA64/checkpoint_v_1.pth
2026-04-27 09:40:30,812 [INFO] [4] TRAIN loss: 1.8586985868566177 | Acc: 0.8262795275590551
2026-04-27 09:40:30,812 [INFO] [4] AVG TRAIN time per sample (sec): 0.11309015330146341 
2026-04-27 09:40:30,812 [INFO] [4] VALIDATION  acc: 0.8899803536345776
2026-04-27 09:40:30,812 [INFO] [4] VALIDATION  Top 5 acc: 0.8899803536345776
2026-04-27 09:40:30,812 [INFO] 
2026-04-27 09:41:30,307 [INFO] Save checkpoint for [5] as out-checkpoints/LSA64/checkpoint_v_1.pth
2026-04-27 09:41:30,307 [INFO] [5] TRAIN loss: 1.5004490571863511 | Acc: 0.9040354330708661
2026-04-27 09:41:30,307 [INFO] [5] AVG TRAIN time per sample (sec): 0.11141379019793342 
2026-04-27 09:41:30,307 [INFO] [5] VALIDATION  acc: 0.962671905697446
2026-04-27 09:41:30,307 [INFO] [5] VALIDATION  Top 5 acc: 0.962671905697446
2026-04-27 09:41:30,307 [INFO] 
2026-04-27 09:42:29,479 [INFO] Save checkpoint for [6] as out-checkpoints/LSA64/checkpoint_v_1.pth
2026-04-27 09:42:29,487 [INFO] [6] TRAIN loss: 1.2571019789751838 | Acc: 0.9493110236220472
2026-04-27 09:42:29,487 [INFO] [6] AVG TRAIN time per sample (sec): 0.11388216860154096 
2026-04-27 09:42:29,487 [INFO] [6] VALIDATION  acc: 0.9783889980353635
2026-04-27 09:42:29,487 [INFO] [6] VALIDATION  Top 5 acc: 0.9783889980353635
2026-04-27 09:42:29,487 [INFO] 
2026-04-27 09:43:29,233 [INFO] [7] TRAIN loss: 1.0983773624195772 | Acc: 0.968996062992126
2026-04-27 09:43:29,233 [INFO] [7] AVG TRAIN time per sample (sec): 0.11240265509661507 
2026-04-27 09:43:29,233 [INFO] [7] VALIDATION  acc: 0.9744597249508841
2026-04-27 09:43:29,233 [INFO] [7] VALIDATION  Top 5 acc: 0.9783889980353635
2026-04-27 09:43:29,233 [INFO] 
2026-04-27 09:44:28,590 [INFO] Save checkpoint for [8] as out-checkpoints/LSA64/checkpoint_v_1.pth
2026-04-27 09:44:28,590 [INFO] [8] TRAIN loss: 0.9910636453067555 | Acc: 0.9857283464566929
2026-04-27 09:44:28,590 [INFO] [8] AVG TRAIN time per sample (sec): 0.11178430108463062 
2026-04-27 09:44:28,590 [INFO] [8] VALIDATION  acc: 0.9862475442043221
2026-04-27 09:44:28,591 [INFO] [8] VALIDATION  Top 5 acc: 0.9862475442043221
2026-04-27 09:44:28,591 [INFO] 
2026-04-27 09:45:28,106 [INFO] Save checkpoint for [9] as out-checkpoints/LSA64/checkpoint_v_1.pth
2026-04-27 09:45:28,106 [INFO] [9] TRAIN loss: 0.9246834250057445 | Acc: 0.9906496062992126
2026-04-27 09:45:28,106 [INFO] [9] AVG TRAIN time per sample (sec): 0.11176942937514361 
2026-04-27 09:45:28,106 [INFO] [9] VALIDATION  acc: 0.9882121807465619
2026-04-27 09:45:28,106 [INFO] [9] VALIDATION  Top 5 acc: 0.9882121807465619
2026-04-27 09:45:28,106 [INFO] 
2026-04-27 09:46:27,743 [INFO] Save checkpoint for [10] as out-checkpoints/LSA64/checkpoint_v_1.pth
2026-04-27 09:46:27,743 [INFO] [10] TRAIN loss: 0.882525006462546 | Acc: 0.9950787401574803
2026-04-27 09:46:27,743 [INFO] [10] AVG TRAIN time per sample (sec): 0.11147331069497501 
2026-04-27 09:46:27,743 [INFO] [10] VALIDATION  acc: 0.9901768172888016
2026-04-27 09:46:27,743 [INFO] [10] VALIDATION  Top 5 acc: 0.9901768172888016
2026-04-27 09:46:27,743 [INFO] 
2026-04-27 09:47:27,061 [INFO] [11] TRAIN loss: 0.8583892822265625 | Acc: 0.9940944881889764
2026-04-27 09:47:27,061 [INFO] [11] AVG TRAIN time per sample (sec): 0.1116588452283074 
2026-04-27 09:47:27,061 [INFO] [11] VALIDATION  acc: 0.9882121807465619
2026-04-27 09:47:27,062 [INFO] [11] VALIDATION  Top 5 acc: 0.9901768172888016
2026-04-27 09:47:27,062 [INFO] 
2026-04-27 09:48:25,701 [INFO] Save checkpoint for [12] as out-checkpoints/LSA64/checkpoint_v_2.pth
2026-04-27 09:48:25,701 [INFO] [12] TRAIN loss: 0.8379780488855698 | Acc: 0.9955708661417323
2026-04-27 09:48:25,701 [INFO] [12] AVG TRAIN time per sample (sec): 0.11326567705939798 
2026-04-27 09:48:25,701 [INFO] [12] VALIDATION  acc: 0.9901768172888016
2026-04-27 09:48:25,701 [INFO] [12] VALIDATION  Top 5 acc: 0.9901768172888016
2026-04-27 09:48:25,701 [INFO] 
2026-04-27 09:49:25,353 [INFO] [13] TRAIN loss: 0.8242668600643382 | Acc: 0.9965551181102362
2026-04-27 09:49:25,353 [INFO] [13] AVG TRAIN time per sample (sec): 0.11306416287141688 
2026-04-27 09:49:25,353 [INFO] [13] VALIDATION  acc: 0.9882121807465619
2026-04-27 09:49:25,353 [INFO] [13] VALIDATION  Top 5 acc: 0.9901768172888016
2026-04-27 09:49:25,353 [INFO] 
